executable(("unload-truck",constant("obj23"),constant("tru1"),constant("pos1")),1) :- step(1),action(action(("unload-truck",constant("obj23"),constant("tru1"),constant("pos1")))).
executable(("unload-truck",constant("obj23"),constant("tru1"),constant("pos1")),1) :- step(1),action(action(("unload-truck",constant("obj23"),constant("tru1"),constant("pos1")))).
executable(("unload-truck",constant("obj22"),constant("tru1"),constant("pos1")),1) :- step(1),action(action(("unload-truck",constant("obj22"),constant("tru1"),constant("pos1")))).
executable(("unload-truck",constant("obj22"),constant("tru1"),constant("pos1")),1) :- step(1),action(action(("unload-truck",constant("obj22"),constant("tru1"),constant("pos1")))).
executable(("unload-truck",constant("obj21"),constant("tru1"),constant("pos1")),1) :- step(1),action(action(("unload-truck",constant("obj21"),constant("tru1"),constant("pos1")))).
executable(("unload-truck",constant("obj21"),constant("tru1"),constant("pos1")),1) :- step(1),action(action(("unload-truck",constant("obj21"),constant("tru1"),constant("pos1")))).
executable(("unload-truck",constant("obj13"),constant("tru1"),constant("pos1")),1) :- step(1),action(action(("unload-truck",constant("obj13"),constant("tru1"),constant("pos1")))).
executable(("unload-truck",constant("obj13"),constant("tru1"),constant("pos1")),1) :- step(1),action(action(("unload-truck",constant("obj13"),constant("tru1"),constant("pos1")))).
executable(("unload-truck",constant("obj12"),constant("tru1"),constant("pos1")),1) :- step(1),action(action(("unload-truck",constant("obj12"),constant("tru1"),constant("pos1")))).
executable(("unload-truck",constant("obj12"),constant("tru1"),constant("pos1")),1) :- step(1),action(action(("unload-truck",constant("obj12"),constant("tru1"),constant("pos1")))).
executable(("unload-truck",constant("obj11"),constant("tru1"),constant("pos1")),1) :- step(1),action(action(("unload-truck",constant("obj11"),constant("tru1"),constant("pos1")))).
executable(("unload-truck",constant("obj11"),constant("tru1"),constant("pos1")),1) :- step(1),action(action(("unload-truck",constant("obj11"),constant("tru1"),constant("pos1")))).
executable(("unload-truck",constant("obj23"),constant("tru2"),constant("pos2")),1) :- step(1),action(action(("unload-truck",constant("obj23"),constant("tru2"),constant("pos2")))).
executable(("unload-truck",constant("obj23"),constant("tru2"),constant("pos2")),1) :- step(1),action(action(("unload-truck",constant("obj23"),constant("tru2"),constant("pos2")))).
executable(("unload-truck",constant("obj22"),constant("tru2"),constant("pos2")),1) :- step(1),action(action(("unload-truck",constant("obj22"),constant("tru2"),constant("pos2")))).
executable(("unload-truck",constant("obj22"),constant("tru2"),constant("pos2")),1) :- step(1),action(action(("unload-truck",constant("obj22"),constant("tru2"),constant("pos2")))).
executable(("unload-truck",constant("obj21"),constant("tru2"),constant("pos2")),1) :- step(1),action(action(("unload-truck",constant("obj21"),constant("tru2"),constant("pos2")))).
executable(("unload-truck",constant("obj21"),constant("tru2"),constant("pos2")),1) :- step(1),action(action(("unload-truck",constant("obj21"),constant("tru2"),constant("pos2")))).
executable(("unload-truck",constant("obj13"),constant("tru2"),constant("pos2")),1) :- step(1),action(action(("unload-truck",constant("obj13"),constant("tru2"),constant("pos2")))).
executable(("unload-truck",constant("obj13"),constant("tru2"),constant("pos2")),1) :- step(1),action(action(("unload-truck",constant("obj13"),constant("tru2"),constant("pos2")))).
executable(("unload-truck",constant("obj12"),constant("tru2"),constant("pos2")),1) :- step(1),action(action(("unload-truck",constant("obj12"),constant("tru2"),constant("pos2")))).
executable(("unload-truck",constant("obj12"),constant("tru2"),constant("pos2")),1) :- step(1),action(action(("unload-truck",constant("obj12"),constant("tru2"),constant("pos2")))).
executable(("unload-truck",constant("obj11"),constant("tru2"),constant("pos2")),1) :- step(1),action(action(("unload-truck",constant("obj11"),constant("tru2"),constant("pos2")))).
executable(("unload-truck",constant("obj11"),constant("tru2"),constant("pos2")),1) :- step(1),action(action(("unload-truck",constant("obj11"),constant("tru2"),constant("pos2")))).
executable(("drive-truck",constant("tru1"),constant("pos2"),constant("pos2"),constant("cit2")),1) :- step(1),action(action(("drive-truck",constant("tru1"),constant("pos2"),constant("pos2"),constant("cit2")))).
executable(("drive-truck",constant("tru1"),constant("pos2"),constant("pos2"),constant("cit2")),1) :- step(1),action(action(("drive-truck",constant("tru1"),constant("pos2"),constant("pos2"),constant("cit2")))).
executable(("drive-truck",constant("tru2"),constant("apt2"),constant("pos2"),constant("cit2")),1) :- step(1),action(action(("drive-truck",constant("tru2"),constant("apt2"),constant("pos2"),constant("cit2")))).
executable(("drive-truck",constant("tru2"),constant("apt2"),constant("pos2"),constant("cit2")),1) :- step(1),action(action(("drive-truck",constant("tru2"),constant("apt2"),constant("pos2"),constant("cit2")))).
executable(("drive-truck",constant("tru1"),constant("apt2"),constant("pos2"),constant("cit2")),1) :- step(1),action(action(("drive-truck",constant("tru1"),constant("apt2"),constant("pos2"),constant("cit2")))).
executable(("drive-truck",constant("tru1"),constant("apt2"),constant("pos2"),constant("cit2")),1) :- step(1),action(action(("drive-truck",constant("tru1"),constant("apt2"),constant("pos2"),constant("cit2")))).
executable(("drive-truck",constant("tru1"),constant("pos2"),constant("apt2"),constant("cit2")),1) :- step(1),action(action(("drive-truck",constant("tru1"),constant("pos2"),constant("apt2"),constant("cit2")))).
executable(("drive-truck",constant("tru1"),constant("pos2"),constant("apt2"),constant("cit2")),1) :- step(1),action(action(("drive-truck",constant("tru1"),constant("pos2"),constant("apt2"),constant("cit2")))).
executable(("drive-truck",constant("tru2"),constant("apt2"),constant("apt2"),constant("cit2")),1) :- step(1),action(action(("drive-truck",constant("tru2"),constant("apt2"),constant("apt2"),constant("cit2")))).
executable(("drive-truck",constant("tru2"),constant("apt2"),constant("apt2"),constant("cit2")),1) :- step(1),action(action(("drive-truck",constant("tru2"),constant("apt2"),constant("apt2"),constant("cit2")))).
executable(("drive-truck",constant("tru1"),constant("apt2"),constant("apt2"),constant("cit2")),1) :- step(1),action(action(("drive-truck",constant("tru1"),constant("apt2"),constant("apt2"),constant("cit2")))).
executable(("drive-truck",constant("tru1"),constant("apt2"),constant("apt2"),constant("cit2")),1) :- step(1),action(action(("drive-truck",constant("tru1"),constant("apt2"),constant("apt2"),constant("cit2")))).
executable(("drive-truck",constant("tru2"),constant("pos1"),constant("pos1"),constant("cit1")),1) :- step(1),action(action(("drive-truck",constant("tru2"),constant("pos1"),constant("pos1"),constant("cit1")))).
executable(("drive-truck",constant("tru2"),constant("pos1"),constant("pos1"),constant("cit1")),1) :- step(1),action(action(("drive-truck",constant("tru2"),constant("pos1"),constant("pos1"),constant("cit1")))).
executable(("drive-truck",constant("tru2"),constant("apt1"),constant("pos1"),constant("cit1")),1) :- step(1),action(action(("drive-truck",constant("tru2"),constant("apt1"),constant("pos1"),constant("cit1")))).
executable(("drive-truck",constant("tru2"),constant("apt1"),constant("pos1"),constant("cit1")),1) :- step(1),action(action(("drive-truck",constant("tru2"),constant("apt1"),constant("pos1"),constant("cit1")))).
executable(("drive-truck",constant("tru1"),constant("apt1"),constant("pos1"),constant("cit1")),1) :- step(1),action(action(("drive-truck",constant("tru1"),constant("apt1"),constant("pos1"),constant("cit1")))).
executable(("drive-truck",constant("tru1"),constant("apt1"),constant("pos1"),constant("cit1")),1) :- step(1),action(action(("drive-truck",constant("tru1"),constant("apt1"),constant("pos1"),constant("cit1")))).
executable(("drive-truck",constant("tru2"),constant("pos1"),constant("apt1"),constant("cit1")),1) :- step(1),action(action(("drive-truck",constant("tru2"),constant("pos1"),constant("apt1"),constant("cit1")))).
executable(("drive-truck",constant("tru2"),constant("pos1"),constant("apt1"),constant("cit1")),1) :- step(1),action(action(("drive-truck",constant("tru2"),constant("pos1"),constant("apt1"),constant("cit1")))).
executable(("drive-truck",constant("tru2"),constant("apt1"),constant("apt1"),constant("cit1")),1) :- step(1),action(action(("drive-truck",constant("tru2"),constant("apt1"),constant("apt1"),constant("cit1")))).
executable(("drive-truck",constant("tru2"),constant("apt1"),constant("apt1"),constant("cit1")),1) :- step(1),action(action(("drive-truck",constant("tru2"),constant("apt1"),constant("apt1"),constant("cit1")))).
executable(("drive-truck",constant("tru1"),constant("apt1"),constant("apt1"),constant("cit1")),1) :- step(1),action(action(("drive-truck",constant("tru1"),constant("apt1"),constant("apt1"),constant("cit1")))).
executable(("drive-truck",constant("tru1"),constant("apt1"),constant("apt1"),constant("cit1")),1) :- step(1),action(action(("drive-truck",constant("tru1"),constant("apt1"),constant("apt1"),constant("cit1")))).
:- goal(variable(("at",constant("obj11"),constant("apt1"))),value(variable(("at",constant("obj11"),constant("apt1"))),true)).
:- goal(variable(("at",constant("obj11"),constant("apt1"))),value(variable(("at",constant("obj11"),constant("apt1"))),true)).
:- goal(variable(("at",constant("obj23"),constant("pos1"))),value(variable(("at",constant("obj23"),constant("pos1"))),true)).
:- goal(variable(("at",constant("obj23"),constant("pos1"))),value(variable(("at",constant("obj23"),constant("pos1"))),true)).
:- goal(variable(("at",constant("obj13"),constant("apt1"))),value(variable(("at",constant("obj13"),constant("apt1"))),true)).
:- goal(variable(("at",constant("obj13"),constant("apt1"))),value(variable(("at",constant("obj13"),constant("apt1"))),true)).
:- goal(variable(("at",constant("obj21"),constant("pos1"))),value(variable(("at",constant("obj21"),constant("pos1"))),true)).
:- goal(variable(("at",constant("obj21"),constant("pos1"))),value(variable(("at",constant("obj21"),constant("pos1"))),true)).
